ParseStarterProject/build/outputs/logs/manifest-merger-debug-report.txt
-- Merging decision tree log ---
manifest
ADDED from src/main/AndroidManifest.xml:9:1-96:12
	package
		ADDED from src/main/AndroidManifest.xml:10:5-32
		INJECTED from src/main/AndroidManifest.xml
		INJECTED from src/main/AndroidManifest.xml
	android:versionName
		INJECTED from src/main/AndroidManifest.xml
		INJECTED from src/main/AndroidManifest.xml
	xmlns:android
		ADDED from src/main/AndroidManifest.xml:9:11-69
	android:versionCode
		INJECTED from src/main/AndroidManifest.xml
		INJECTED from src/main/AndroidManifest.xml
uses-permission#android.permission.INTERNET
ADDED from src/main/AndroidManifest.xml:12:5-67
	android:name
		ADDED from src/main/AndroidManifest.xml:12:22-64
uses-permission#android.permission.ACCESS_NETWORK_STATE
ADDED from src/main/AndroidManifest.xml:13:5-79
	android:name
		ADDED from src/main/AndroidManifest.xml:13:22-76
uses-permission#android.permission.ACCESS_WIFI_STATE
ADDED from src/main/AndroidManifest.xml:14:5-76
	android:name
		ADDED from src/main/AndroidManifest.xml:14:22-73
uses-permission#android.permission.READ_EXTERNAL_STORAGE
ADDED from src/main/AndroidManifest.xml:15:5-79
	android:name
		ADDED from src/main/AndroidManifest.xml:15:22-77
application
ADDED from src/main/AndroidManifest.xml:17:5-94:19
MERGED from [com.android.support:appcompat-v7:22.2.1] AndroidManifest.xml:22:5-20
MERGED from [com.android.support:support-v4:22.2.1] AndroidManifest.xml:22:5-20
MERGED from [com.android.support:design:22.2.1] AndroidManifest.xml:22:5-20
MERGED from [com.android.support:appcompat-v7:22.2.1] AndroidManifest.xml:22:5-20
MERGED from [com.android.support:support-v4:22.2.1] AndroidManifest.xml:22:5-20
MERGED from [com.android.support:support-v4:22.2.1] AndroidManifest.xml:22:5-20
	android:label
		ADDED from src/main/AndroidManifest.xml:21:9-41
	android:allowBackup
		ADDED from src/main/AndroidManifest.xml:19:9-35
	android:icon
		ADDED from src/main/AndroidManifest.xml:20:9-43
	android:theme
		ADDED from src/main/AndroidManifest.xml:22:9-40
	android:name
		ADDED from src/main/AndroidManifest.xml:18:9-43
meta-data#com.parse.APPLICATION_ID
ADDED from src/main/AndroidManifest.xml:23:9-25:52
	android:value
		ADDED from src/main/AndroidManifest.xml:25:13-49
	android:name
		ADDED from src/main/AndroidManifest.xml:24:13-52
meta-data#com.parse.CLIENT_KEY
ADDED from src/main/AndroidManifest.xml:26:9-28:56
	android:value
		ADDED from src/main/AndroidManifest.xml:28:13-53
	android:name
		ADDED from src/main/AndroidManifest.xml:27:13-48
activity#com.parse.starter.MainActivity
ADDED from src/main/AndroidManifest.xml:30:9-32:48
	android:label
		ADDED from src/main/AndroidManifest.xml:32:13-45
	android:name
		ADDED from src/main/AndroidManifest.xml:31:13-41
activity#com.parse.starter.UserList
ADDED from src/main/AndroidManifest.xml:33:9-36:47
	android:label
		ADDED from src/main/AndroidManifest.xml:35:13-61
	android:theme
		ADDED from src/main/AndroidManifest.xml:36:13-44
	android:name
		ADDED from src/main/AndroidManifest.xml:34:13-37
activity#com.parse.starter.Splash_Screen
ADDED from src/main/AndroidManifest.xml:37:9-45:20
	android:theme
		ADDED from src/main/AndroidManifest.xml:39:13-63
	android:name
		ADDED from src/main/AndroidManifest.xml:38:13-42
intent-filter#android.intent.action.MAIN+android.intent.category.LAUNCHER
ADDED from src/main/AndroidManifest.xml:40:13-44:29
action#android.intent.action.MAIN
ADDED from src/main/AndroidManifest.xml:41:17-69
	android:name
		ADDED from src/main/AndroidManifest.xml:41:25-66
category#android.intent.category.LAUNCHER
ADDED from src/main/AndroidManifest.xml:43:17-77
	android:name
		ADDED from src/main/AndroidManifest.xml:43:27-74
activity#com.parse.starter.Login_Service
ADDED from src/main/AndroidManifest.xml:46:9-48:66
	android:theme
		ADDED from src/main/AndroidManifest.xml:48:13-63
	android:name
		ADDED from src/main/AndroidManifest.xml:47:13-42
activity#com.parse.starter.options.Option_Menu
ADDED from src/main/AndroidManifest.xml:49:9-52:66
	android:parentActivityName
		ADDED from src/main/AndroidManifest.xml:51:13-63
	android:theme
		ADDED from src/main/AndroidManifest.xml:52:13-63
	android:name
		ADDED from src/main/AndroidManifest.xml:50:13-48
activity#com.parse.starter.options.Selection
ADDED from src/main/AndroidManifest.xml:53:9-55
	android:name
		ADDED from src/main/AndroidManifest.xml:53:19-52
activity#com.parse.starter.tiffin_service.Tiffin_Service_Main
ADDED from src/main/AndroidManifest.xml:54:9-61:20
	android:parentActivityName
		ADDED from src/main/AndroidManifest.xml:56:13-62
	android:theme
		ADDED from src/main/AndroidManifest.xml:57:13-63
	android:name
		ADDED from src/main/AndroidManifest.xml:55:13-63
meta-data#android.support.PARENT_ACTIVITY
ADDED from src/main/AndroidManifest.xml:58:13-60:73
	android:value
		ADDED from src/main/AndroidManifest.xml:60:17-70
	android:name
		ADDED from src/main/AndroidManifest.xml:59:17-63
activity#com.parse.starter.premium_service.Premium_Service_Main
ADDED from src/main/AndroidManifest.xml:62:9-65:66
	android:parentActivityName
		ADDED from src/main/AndroidManifest.xml:64:13-62
	android:theme
		ADDED from src/main/AndroidManifest.xml:65:13-63
	android:name
		ADDED from src/main/AndroidManifest.xml:63:13-65
activity#com.parse.starter.food_box.Food_Box_Main
ADDED from src/main/AndroidManifest.xml:66:9-69:66
	android:parentActivityName
		ADDED from src/main/AndroidManifest.xml:68:13-62
	android:theme
		ADDED from src/main/AndroidManifest.xml:69:13-63
	android:name
		ADDED from src/main/AndroidManifest.xml:67:13-51
activity#com.parse.starter.tiffin_service.Selection_Tiffin
ADDED from src/main/AndroidManifest.xml:70:9-69
	android:name
		ADDED from src/main/AndroidManifest.xml:70:19-66
activity#com.parse.starter.account.Account_Main
ADDED from src/main/AndroidManifest.xml:71:9-73:66
	android:theme
		ADDED from src/main/AndroidManifest.xml:73:13-63
	android:name
		ADDED from src/main/AndroidManifest.xml:72:13-49
activity#com.parse.starter.food_box.Specific_Box
ADDED from src/main/AndroidManifest.xml:74:9-76:66
	android:theme
		ADDED from src/main/AndroidManifest.xml:76:13-63
	android:name
		ADDED from src/main/AndroidManifest.xml:75:13-50
activity#com.parse.starter.tiffin_service.Lunch_Main
ADDED from src/main/AndroidManifest.xml:77:9-80:66
	android:parentActivityName
		ADDED from src/main/AndroidManifest.xml:79:13-77
	android:theme
		ADDED from src/main/AndroidManifest.xml:80:13-63
	android:name
		ADDED from src/main/AndroidManifest.xml:78:13-54
activity#com.parse.starter.tiffin_service.Dinner_Main
ADDED from src/main/AndroidManifest.xml:81:9-84:66
	android:parentActivityName
		ADDED from src/main/AndroidManifest.xml:83:13-77
	android:theme
		ADDED from src/main/AndroidManifest.xml:84:13-63
	android:name
		ADDED from src/main/AndroidManifest.xml:82:13-55
activity#com.parse.starter.tiffin_service.Breakfast_Main
ADDED from src/main/AndroidManifest.xml:85:9-88:66
	android:parentActivityName
		ADDED from src/main/AndroidManifest.xml:87:13-77
	android:theme
		ADDED from src/main/AndroidManifest.xml:88:13-63
	android:name
		ADDED from src/main/AndroidManifest.xml:86:13-58
activity#com.parse.starter.premium_service.Upload_New_Item
ADDED from src/main/AndroidManifest.xml:90:9-92:75
	android:parentActivityName
		ADDED from src/main/AndroidManifest.xml:91:13-79
	android:theme
		ADDED from src/main/AndroidManifest.xml:92:13-63
	android:name
		ADDED from src/main/AndroidManifest.xml:90:19-66
uses-sdk
INJECTED from src/main/AndroidManifest.xml reason: use-sdk injection requested
MERGED from [com.android.support:appcompat-v7:22.2.1] AndroidManifest.xml:20:5-43
MERGED from [com.android.support:support-v4:22.2.1] AndroidManifest.xml:20:5-43
MERGED from [com.android.support:design:22.2.1] AndroidManifest.xml:20:5-43
MERGED from [com.android.support:appcompat-v7:22.2.1] AndroidManifest.xml:20:5-43
MERGED from [com.android.support:support-v4:22.2.1] AndroidManifest.xml:20:5-43
MERGED from [com.android.support:support-v4:22.2.1] AndroidManifest.xml:20:5-43
	android:targetSdkVersion
		INJECTED from src/main/AndroidManifest.xml
		INJECTED from src/main/AndroidManifest.xml
	android:minSdkVersion
		INJECTED from src/main/AndroidManifest.xml
		INJECTED from src/main/AndroidManifest.xml